2018-05-02 145515 111 注册成功！ 
2018-05-02 150631 25 添加成功！ 
2018-05-02 153450 2222 添加成功！ 
2018-05-02 153915 管理员 删除了用户 用户名名【25】 
2018-05-02 155220 222 添加成功！ 
2018-05-02 155306 4444 添加成功！ 
2018-05-02 155808 管理员 删除了用户 用户名名【4444】 
2018-05-02 155839 管理员 删除了用户 用户名名【222】 
2018-05-02 163028 管理员 删除了用户 用户名名【2222】 
2018-05-02 163042 3333 添加成功！ 
2018-05-02 163057 管理员 删除了用户 用户名名【111】 
2018-05-17 171906 测试 添加成功！ 
2018-05-17 172446 测试2 添加成功！ 
2018-05-17 172507 测试3 添加成功！ 
2018-05-17 180921 管理员 删除了用户 用户名名【测试】 
2018-05-17 181254 管理员 删除了用户 用户名名【测试2】 
2018-05-17 181937 管理员 删除了用户 用户名名【测试3】 
2018-05-17 182309 测试4 添加成功！ 
2018-05-17 182309 管理员 新用户注册 用户名名【测试4】 
2018-05-17 182318 管理员 删除了用户 用户名名【测试4】 
2018-05-17 182647 程曦机器人 添加成功！ 
2018-05-17 182647 管理员 新用户注册 用户名名【程曦机器人】 
2018-05-17 182824 管理员 删除了用户 用户名名【程曦机器人】 
2018-05-17 182857 admin2 登录成功！ 
2018-05-19 140814 测试程曦 添加成功！ 
2018-05-19 140814 管理员 新用户注册 用户名名【测试程曦】 
2018-05-19 140838 测试程曦 登录成功！ 
2018-05-19 141020 管理员 删除了用户 用户名名【测试程曦】 
2018-05-19 145834 测试周 添加成功！ 
2018-05-19 145834 管理员 新用户注册 用户名名【测试周】 
2018-05-19 145847 测试周 登录成功！ 
2018-05-19 150006 管理员 删除了用户 用户名名【测试周】 
2018-05-19 150215 测试用例 添加成功！ 
2018-05-19 150215 管理员 新用户注册 用户名名【测试用例】 
